<?xml version="1.0" encoding="UTF-8"?>
<testng-results ignored="0" total="2" passed="2" failed="0" skipped="0">
  <reporter-output>
  </reporter-output>
  <suite started-at="2025-05-04T14:00:25 WEST" name="Suite" finished-at="2025-05-04T14:00:58 WEST" duration-ms="33215">
    <groups>
      <group name="regression">
        <method signature="TC0001_testAccountRegistration.testRegister()[pri:0, instance:testCases.TC0001_testAccountRegistration@4ec4f3a0]" name="testRegister" class="testCases.TC0001_testAccountRegistration"/>
      </group> <!-- regression -->
      <group name="sanity">
        <method signature="TC0002_testLogin.testLogin()[pri:0, instance:testCases.TC0002_testLogin@7f0eb4b4]" name="testLogin" class="testCases.TC0002_testLogin"/>
      </group> <!-- sanity -->
      <group name="master">
        <method signature="TC0001_testAccountRegistration.testRegister()[pri:0, instance:testCases.TC0001_testAccountRegistration@4ec4f3a0]" name="testRegister" class="testCases.TC0001_testAccountRegistration"/>
        <method signature="TC0002_testLogin.testLogin()[pri:0, instance:testCases.TC0002_testLogin@7f0eb4b4]" name="testLogin" class="testCases.TC0002_testLogin"/>
      </group> <!-- master -->
    </groups>
    <test started-at="2025-05-04T14:00:25 WEST" name="Test" finished-at="2025-05-04T14:00:58 WEST" duration-ms="33215">
      <class name="testCases.TC0001_testAccountRegistration">
        <test-method is-config="true" signature="setup(java.lang.String,java.lang.String)[pri:0, instance:testCases.TC0001_testAccountRegistration@4ec4f3a0]" started-at="2025-05-04T14:00:42 WEST" name="setup" finished-at="2025-05-04T14:00:51 WEST" duration-ms="9217" status="PASS">
          <params>
            <param index="0">
              <value>
                <![CDATA[windows]]>
              </value>
            </param>
            <param index="1">
              <value>
                <![CDATA[chrome]]>
              </value>
            </param>
          </params>
          <reporter-output>
          </reporter-output>
        </test-method> <!-- setup -->
        <test-method signature="testRegister()[pri:0, instance:testCases.TC0001_testAccountRegistration@4ec4f3a0]" started-at="2025-05-04T14:00:51 WEST" name="testRegister" finished-at="2025-05-04T14:00:58 WEST" duration-ms="6469" status="PASS">
          <reporter-output>
          </reporter-output>
        </test-method> <!-- testRegister -->
        <test-method is-config="true" signature="teardown()[pri:0, instance:testCases.TC0001_testAccountRegistration@4ec4f3a0]" started-at="2025-05-04T14:00:58 WEST" name="teardown" finished-at="2025-05-04T14:00:58 WEST" duration-ms="437" status="PASS">
          <reporter-output>
          </reporter-output>
        </test-method> <!-- teardown -->
      </class> <!-- testCases.TC0001_testAccountRegistration -->
      <class name="testCases.TC0002_testLogin">
        <test-method is-config="true" signature="setup(java.lang.String,java.lang.String)[pri:0, instance:testCases.TC0002_testLogin@7f0eb4b4]" started-at="2025-05-04T14:00:26 WEST" name="setup" finished-at="2025-05-04T14:00:38 WEST" duration-ms="12824" status="PASS">
          <params>
            <param index="0">
              <value>
                <![CDATA[windows]]>
              </value>
            </param>
            <param index="1">
              <value>
                <![CDATA[chrome]]>
              </value>
            </param>
          </params>
          <reporter-output>
          </reporter-output>
        </test-method> <!-- setup -->
        <test-method signature="testLogin()[pri:0, instance:testCases.TC0002_testLogin@7f0eb4b4]" started-at="2025-05-04T14:00:39 WEST" name="testLogin" finished-at="2025-05-04T14:00:42 WEST" duration-ms="3012" status="PASS">
          <reporter-output>
          </reporter-output>
        </test-method> <!-- testLogin -->
        <test-method is-config="true" signature="teardown()[pri:0, instance:testCases.TC0002_testLogin@7f0eb4b4]" started-at="2025-05-04T14:00:42 WEST" name="teardown" finished-at="2025-05-04T14:00:42 WEST" duration-ms="499" status="PASS">
          <reporter-output>
          </reporter-output>
        </test-method> <!-- teardown -->
      </class> <!-- testCases.TC0002_testLogin -->
    </test> <!-- Test -->
  </suite> <!-- Suite -->
</testng-results>
